<?xml version="1.0" encoding="UTF-8"?>
<testng-results ignored="0" total="24" passed="24" failed="0" skipped="0">
  <reporter-output>
  </reporter-output>
  <suite started-at="2022-04-28T11:05:34 PKT" name="PersonRestApiSuit" finished-at="2022-04-28T11:05:35 PKT" duration-ms="1587">
    <groups>
    </groups>
    <test started-at="2022-04-28T11:05:34 PKT" name="PersonRestApiTest" finished-at="2022-04-28T11:05:35 PKT" duration-ms="1587">
      <class name="com.personapi.testcases.TC004_PutPerson">
        <test-method is-config="true" signature="setup()[pri:0, instance:com.personapi.testcases.TC004_PutPerson@6f53b8a]" started-at="2022-04-28T11:05:35 PKT" name="setup" finished-at="2022-04-28T11:05:35 PKT" duration-ms="1" status="PASS">
          <reporter-output>
          </reporter-output>
        </test-method> <!-- setup -->
        <test-method is-config="true" signature="getPerson()[pri:0, instance:com.personapi.testcases.TC004_PutPerson@6f53b8a]" started-at="2022-04-28T11:05:35 PKT" name="getPerson" finished-at="2022-04-28T11:05:35 PKT" duration-ms="17" status="PASS">
          <reporter-output>
          </reporter-output>
        </test-method> <!-- getPerson -->
        <test-method signature="checkContentType()[pri:0, instance:com.personapi.testcases.TC004_PutPerson@6f53b8a]" started-at="2022-04-28T11:05:35 PKT" name="checkContentType" finished-at="2022-04-28T11:05:35 PKT" duration-ms="2" status="PASS">
          <reporter-output>
          </reporter-output>
        </test-method> <!-- checkContentType -->
        <test-method signature="checkResponseTime()[pri:0, instance:com.personapi.testcases.TC004_PutPerson@6f53b8a]" started-at="2022-04-28T11:05:35 PKT" name="checkResponseTime" finished-at="2022-04-28T11:05:35 PKT" duration-ms="2" status="PASS">
          <reporter-output>
          </reporter-output>
        </test-method> <!-- checkResponseTime -->
        <test-method signature="checkStatusCode()[pri:0, instance:com.personapi.testcases.TC004_PutPerson@6f53b8a]" started-at="2022-04-28T11:05:35 PKT" name="checkStatusCode" finished-at="2022-04-28T11:05:35 PKT" duration-ms="2" status="PASS">
          <reporter-output>
          </reporter-output>
        </test-method> <!-- checkStatusCode -->
        <test-method signature="checkStatusLine()[pri:0, instance:com.personapi.testcases.TC004_PutPerson@6f53b8a]" started-at="2022-04-28T11:05:35 PKT" name="checkStatusLine" finished-at="2022-04-28T11:05:35 PKT" duration-ms="2" status="PASS">
          <reporter-output>
          </reporter-output>
        </test-method> <!-- checkStatusLine -->
        <test-method signature="verifyBody()[pri:0, instance:com.personapi.testcases.TC004_PutPerson@6f53b8a]" started-at="2022-04-28T11:05:35 PKT" name="verifyBody" finished-at="2022-04-28T11:05:35 PKT" duration-ms="2" status="PASS">
          <reporter-output>
          </reporter-output>
        </test-method> <!-- verifyBody -->
        <test-method is-config="true" signature="tearDown()[pri:0, instance:com.personapi.testcases.TC004_PutPerson@6f53b8a]" started-at="2022-04-28T11:05:35 PKT" name="tearDown" finished-at="2022-04-28T11:05:35 PKT" duration-ms="0" status="PASS">
          <reporter-output>
          </reporter-output>
        </test-method> <!-- tearDown -->
      </class> <!-- com.personapi.testcases.TC004_PutPerson -->
      <class name="com.personapi.testcases.TC003_GetSinglePerson">
        <test-method is-config="true" signature="setup()[pri:0, instance:com.personapi.testcases.TC003_GetSinglePerson@4d1bf319]" started-at="2022-04-28T11:05:35 PKT" name="setup" finished-at="2022-04-28T11:05:35 PKT" duration-ms="1" status="PASS">
          <reporter-output>
          </reporter-output>
        </test-method> <!-- setup -->
        <test-method is-config="true" signature="getPerson()[pri:0, instance:com.personapi.testcases.TC003_GetSinglePerson@4d1bf319]" started-at="2022-04-28T11:05:35 PKT" name="getPerson" finished-at="2022-04-28T11:05:35 PKT" duration-ms="13" status="PASS">
          <reporter-output>
          </reporter-output>
        </test-method> <!-- getPerson -->
        <test-method signature="checkContentType()[pri:0, instance:com.personapi.testcases.TC003_GetSinglePerson@4d1bf319]" started-at="2022-04-28T11:05:35 PKT" name="checkContentType" finished-at="2022-04-28T11:05:35 PKT" duration-ms="3" status="PASS">
          <reporter-output>
          </reporter-output>
        </test-method> <!-- checkContentType -->
        <test-method signature="checkResponseBody()[pri:0, instance:com.personapi.testcases.TC003_GetSinglePerson@4d1bf319]" started-at="2022-04-28T11:05:35 PKT" name="checkResponseBody" finished-at="2022-04-28T11:05:35 PKT" duration-ms="3" status="PASS">
          <reporter-output>
          </reporter-output>
        </test-method> <!-- checkResponseBody -->
        <test-method signature="checkResponseTime()[pri:0, instance:com.personapi.testcases.TC003_GetSinglePerson@4d1bf319]" started-at="2022-04-28T11:05:35 PKT" name="checkResponseTime" finished-at="2022-04-28T11:05:35 PKT" duration-ms="2" status="PASS">
          <reporter-output>
          </reporter-output>
        </test-method> <!-- checkResponseTime -->
        <test-method signature="checkStatusCode()[pri:0, instance:com.personapi.testcases.TC003_GetSinglePerson@4d1bf319]" started-at="2022-04-28T11:05:35 PKT" name="checkStatusCode" finished-at="2022-04-28T11:05:35 PKT" duration-ms="2" status="PASS">
          <reporter-output>
          </reporter-output>
        </test-method> <!-- checkStatusCode -->
        <test-method signature="checkStatusLine()[pri:0, instance:com.personapi.testcases.TC003_GetSinglePerson@4d1bf319]" started-at="2022-04-28T11:05:35 PKT" name="checkStatusLine" finished-at="2022-04-28T11:05:35 PKT" duration-ms="2" status="PASS">
          <reporter-output>
          </reporter-output>
        </test-method> <!-- checkStatusLine -->
        <test-method is-config="true" signature="tearDown()[pri:0, instance:com.personapi.testcases.TC003_GetSinglePerson@4d1bf319]" started-at="2022-04-28T11:05:35 PKT" name="tearDown" finished-at="2022-04-28T11:05:35 PKT" duration-ms="1" status="PASS">
          <reporter-output>
          </reporter-output>
        </test-method> <!-- tearDown -->
      </class> <!-- com.personapi.testcases.TC003_GetSinglePerson -->
      <class name="com.personapi.testcases.TC005_DeletePerson">
        <test-method is-config="true" signature="setup()[pri:0, instance:com.personapi.testcases.TC005_DeletePerson@7d900ecf]" started-at="2022-04-28T11:05:35 PKT" name="setup" finished-at="2022-04-28T11:05:35 PKT" duration-ms="2" status="PASS">
          <reporter-output>
          </reporter-output>
        </test-method> <!-- setup -->
        <test-method is-config="true" signature="deletePerson()[pri:0, instance:com.personapi.testcases.TC005_DeletePerson@7d900ecf]" started-at="2022-04-28T11:05:35 PKT" name="deletePerson" finished-at="2022-04-28T11:05:35 PKT" duration-ms="31" status="PASS">
          <reporter-output>
          </reporter-output>
        </test-method> <!-- deletePerson -->
        <test-method signature="checkContentType()[pri:0, instance:com.personapi.testcases.TC005_DeletePerson@7d900ecf]" started-at="2022-04-28T11:05:35 PKT" name="checkContentType" finished-at="2022-04-28T11:05:35 PKT" duration-ms="2" status="PASS">
          <reporter-output>
          </reporter-output>
        </test-method> <!-- checkContentType -->
        <test-method signature="checkResponseBody()[pri:0, instance:com.personapi.testcases.TC005_DeletePerson@7d900ecf]" started-at="2022-04-28T11:05:35 PKT" name="checkResponseBody" finished-at="2022-04-28T11:05:35 PKT" duration-ms="2" status="PASS">
          <reporter-output>
          </reporter-output>
        </test-method> <!-- checkResponseBody -->
        <test-method signature="checkResponseTime()[pri:0, instance:com.personapi.testcases.TC005_DeletePerson@7d900ecf]" started-at="2022-04-28T11:05:35 PKT" name="checkResponseTime" finished-at="2022-04-28T11:05:35 PKT" duration-ms="2" status="PASS">
          <reporter-output>
          </reporter-output>
        </test-method> <!-- checkResponseTime -->
        <test-method signature="checkStatusCode()[pri:0, instance:com.personapi.testcases.TC005_DeletePerson@7d900ecf]" started-at="2022-04-28T11:05:35 PKT" name="checkStatusCode" finished-at="2022-04-28T11:05:35 PKT" duration-ms="2" status="PASS">
          <reporter-output>
          </reporter-output>
        </test-method> <!-- checkStatusCode -->
        <test-method signature="checkStatusLine()[pri:0, instance:com.personapi.testcases.TC005_DeletePerson@7d900ecf]" started-at="2022-04-28T11:05:35 PKT" name="checkStatusLine" finished-at="2022-04-28T11:05:35 PKT" duration-ms="2" status="PASS">
          <reporter-output>
          </reporter-output>
        </test-method> <!-- checkStatusLine -->
        <test-method is-config="true" signature="tearDown()[pri:0, instance:com.personapi.testcases.TC005_DeletePerson@7d900ecf]" started-at="2022-04-28T11:05:35 PKT" name="tearDown" finished-at="2022-04-28T11:05:35 PKT" duration-ms="1" status="PASS">
          <reporter-output>
          </reporter-output>
        </test-method> <!-- tearDown -->
      </class> <!-- com.personapi.testcases.TC005_DeletePerson -->
      <class name="com.personapi.testcases.TC002_GetAllPerson">
        <test-method is-config="true" signature="setup()[pri:0, instance:com.personapi.testcases.TC002_GetAllPerson@4f32a3ad]" started-at="2022-04-28T11:05:35 PKT" name="setup" finished-at="2022-04-28T11:05:35 PKT" duration-ms="1" status="PASS">
          <reporter-output>
          </reporter-output>
        </test-method> <!-- setup -->
        <test-method is-config="true" signature="getAllPerson()[pri:0, instance:com.personapi.testcases.TC002_GetAllPerson@4f32a3ad]" started-at="2022-04-28T11:05:35 PKT" name="getAllPerson" finished-at="2022-04-28T11:05:35 PKT" duration-ms="24" status="PASS">
          <reporter-output>
          </reporter-output>
        </test-method> <!-- getAllPerson -->
        <test-method signature="checkContentType()[pri:0, instance:com.personapi.testcases.TC002_GetAllPerson@4f32a3ad]" started-at="2022-04-28T11:05:35 PKT" name="checkContentType" finished-at="2022-04-28T11:05:35 PKT" duration-ms="2" status="PASS">
          <reporter-output>
          </reporter-output>
        </test-method> <!-- checkContentType -->
        <test-method signature="checkResponseBody()[pri:0, instance:com.personapi.testcases.TC002_GetAllPerson@4f32a3ad]" started-at="2022-04-28T11:05:35 PKT" name="checkResponseBody" finished-at="2022-04-28T11:05:35 PKT" duration-ms="3" status="PASS">
          <reporter-output>
          </reporter-output>
        </test-method> <!-- checkResponseBody -->
        <test-method signature="checkResponseTime()[pri:0, instance:com.personapi.testcases.TC002_GetAllPerson@4f32a3ad]" started-at="2022-04-28T11:05:35 PKT" name="checkResponseTime" finished-at="2022-04-28T11:05:35 PKT" duration-ms="2" status="PASS">
          <reporter-output>
          </reporter-output>
        </test-method> <!-- checkResponseTime -->
        <test-method signature="checkStatusCode()[pri:0, instance:com.personapi.testcases.TC002_GetAllPerson@4f32a3ad]" started-at="2022-04-28T11:05:35 PKT" name="checkStatusCode" finished-at="2022-04-28T11:05:35 PKT" duration-ms="2" status="PASS">
          <reporter-output>
          </reporter-output>
        </test-method> <!-- checkStatusCode -->
        <test-method signature="checkStatusLine()[pri:0, instance:com.personapi.testcases.TC002_GetAllPerson@4f32a3ad]" started-at="2022-04-28T11:05:35 PKT" name="checkStatusLine" finished-at="2022-04-28T11:05:35 PKT" duration-ms="2" status="PASS">
          <reporter-output>
          </reporter-output>
        </test-method> <!-- checkStatusLine -->
        <test-method is-config="true" signature="tearDown()[pri:0, instance:com.personapi.testcases.TC002_GetAllPerson@4f32a3ad]" started-at="2022-04-28T11:05:35 PKT" name="tearDown" finished-at="2022-04-28T11:05:35 PKT" duration-ms="1" status="PASS">
          <reporter-output>
          </reporter-output>
        </test-method> <!-- tearDown -->
      </class> <!-- com.personapi.testcases.TC002_GetAllPerson -->
      <class name="com.personapi.testcases.TC001_PostPerson">
        <test-method is-config="true" signature="setup()[pri:0, instance:com.personapi.testcases.TC001_PostPerson@312aa7c]" started-at="2022-04-28T11:05:34 PKT" name="setup" finished-at="2022-04-28T11:05:34 PKT" duration-ms="24" status="PASS">
          <reporter-output>
          </reporter-output>
        </test-method> <!-- setup -->
        <test-method is-config="true" signature="postPerson()[pri:0, instance:com.personapi.testcases.TC001_PostPerson@312aa7c]" started-at="2022-04-28T11:05:34 PKT" name="postPerson" finished-at="2022-04-28T11:05:35 PKT" duration-ms="863" status="PASS">
          <reporter-output>
          </reporter-output>
        </test-method> <!-- postPerson -->
        <test-method signature="checkContentType()[pri:0, instance:com.personapi.testcases.TC001_PostPerson@312aa7c]" started-at="2022-04-28T11:05:35 PKT" name="checkContentType" finished-at="2022-04-28T11:05:35 PKT" duration-ms="282" status="PASS">
          <reporter-output>
          </reporter-output>
        </test-method> <!-- checkContentType -->
        <test-method signature="checkResponseTime()[pri:0, instance:com.personapi.testcases.TC001_PostPerson@312aa7c]" started-at="2022-04-28T11:05:35 PKT" name="checkResponseTime" finished-at="2022-04-28T11:05:35 PKT" duration-ms="3" status="PASS">
          <reporter-output>
          </reporter-output>
        </test-method> <!-- checkResponseTime -->
        <test-method signature="checkStatusCode()[pri:0, instance:com.personapi.testcases.TC001_PostPerson@312aa7c]" started-at="2022-04-28T11:05:35 PKT" name="checkStatusCode" finished-at="2022-04-28T11:05:35 PKT" duration-ms="1" status="PASS">
          <reporter-output>
          </reporter-output>
        </test-method> <!-- checkStatusCode -->
        <test-method signature="checkStatusLine()[pri:0, instance:com.personapi.testcases.TC001_PostPerson@312aa7c]" started-at="2022-04-28T11:05:35 PKT" name="checkStatusLine" finished-at="2022-04-28T11:05:35 PKT" duration-ms="2" status="PASS">
          <reporter-output>
          </reporter-output>
        </test-method> <!-- checkStatusLine -->
        <test-method is-config="true" signature="tearDown()[pri:0, instance:com.personapi.testcases.TC001_PostPerson@312aa7c]" started-at="2022-04-28T11:05:35 PKT" name="tearDown" finished-at="2022-04-28T11:05:35 PKT" duration-ms="1" status="PASS">
          <reporter-output>
          </reporter-output>
        </test-method> <!-- tearDown -->
      </class> <!-- com.personapi.testcases.TC001_PostPerson -->
    </test> <!-- PersonRestApiTest -->
  </suite> <!-- PersonRestApiSuit -->
</testng-results>
