<?xml version="1.0" encoding="UTF-8"?>
<testng-results ignored="0" total="24" passed="24" failed="0" skipped="0">
  <reporter-output>
  </reporter-output>
  <suite started-at="2022-05-19T11:42:35Z" name="PersonRestApiSuit" finished-at="2022-05-19T11:42:41Z" duration-ms="5847">
    <groups>
    </groups>
    <test started-at="2022-05-19T11:42:35Z" name="PersonRestApiTest" finished-at="2022-05-19T11:42:41Z" duration-ms="5847">
      <class name="com.personapi.testcases.TC004_PutPerson">
        <test-method is-config="true" signature="setup()[pri:0, instance:com.personapi.testcases.TC004_PutPerson@1b7c473a]" started-at="2022-05-19T11:42:40Z" name="setup" finished-at="2022-05-19T11:42:40Z" duration-ms="1" status="PASS">
          <reporter-output>
          </reporter-output>
        </test-method> <!-- setup -->
        <test-method is-config="true" signature="getPerson()[pri:0, instance:com.personapi.testcases.TC004_PutPerson@1b7c473a]" started-at="2022-05-19T11:42:40Z" name="getPerson" finished-at="2022-05-19T11:42:41Z" duration-ms="15" status="PASS">
          <reporter-output>
          </reporter-output>
        </test-method> <!-- getPerson -->
        <test-method signature="checkContentType()[pri:0, instance:com.personapi.testcases.TC004_PutPerson@1b7c473a]" started-at="2022-05-19T11:42:41Z" name="checkContentType" finished-at="2022-05-19T11:42:41Z" duration-ms="2" status="PASS">
          <reporter-output>
          </reporter-output>
        </test-method> <!-- checkContentType -->
        <test-method signature="checkResponseTime()[pri:0, instance:com.personapi.testcases.TC004_PutPerson@1b7c473a]" started-at="2022-05-19T11:42:41Z" name="checkResponseTime" finished-at="2022-05-19T11:42:41Z" duration-ms="2" status="PASS">
          <reporter-output>
          </reporter-output>
        </test-method> <!-- checkResponseTime -->
        <test-method signature="checkStatusCode()[pri:0, instance:com.personapi.testcases.TC004_PutPerson@1b7c473a]" started-at="2022-05-19T11:42:41Z" name="checkStatusCode" finished-at="2022-05-19T11:42:41Z" duration-ms="2" status="PASS">
          <reporter-output>
          </reporter-output>
        </test-method> <!-- checkStatusCode -->
        <test-method signature="checkStatusLine()[pri:0, instance:com.personapi.testcases.TC004_PutPerson@1b7c473a]" started-at="2022-05-19T11:42:41Z" name="checkStatusLine" finished-at="2022-05-19T11:42:41Z" duration-ms="2" status="PASS">
          <reporter-output>
          </reporter-output>
        </test-method> <!-- checkStatusLine -->
        <test-method signature="verifyBody()[pri:0, instance:com.personapi.testcases.TC004_PutPerson@1b7c473a]" started-at="2022-05-19T11:42:41Z" name="verifyBody" finished-at="2022-05-19T11:42:41Z" duration-ms="2" status="PASS">
          <reporter-output>
          </reporter-output>
        </test-method> <!-- verifyBody -->
        <test-method is-config="true" signature="tearDown()[pri:0, instance:com.personapi.testcases.TC004_PutPerson@1b7c473a]" started-at="2022-05-19T11:42:41Z" name="tearDown" finished-at="2022-05-19T11:42:41Z" duration-ms="1" status="PASS">
          <reporter-output>
          </reporter-output>
        </test-method> <!-- tearDown -->
      </class> <!-- com.personapi.testcases.TC004_PutPerson -->
      <class name="com.personapi.testcases.TC005_DeletePerson">
        <test-method is-config="true" signature="setup()[pri:0, instance:com.personapi.testcases.TC005_DeletePerson@5e4bd84a]" started-at="2022-05-19T11:42:41Z" name="setup" finished-at="2022-05-19T11:42:41Z" duration-ms="2" status="PASS">
          <reporter-output>
          </reporter-output>
        </test-method> <!-- setup -->
        <test-method is-config="true" signature="deletePerson()[pri:0, instance:com.personapi.testcases.TC005_DeletePerson@5e4bd84a]" started-at="2022-05-19T11:42:41Z" name="deletePerson" finished-at="2022-05-19T11:42:41Z" duration-ms="31" status="PASS">
          <reporter-output>
          </reporter-output>
        </test-method> <!-- deletePerson -->
        <test-method signature="checkContentType()[pri:0, instance:com.personapi.testcases.TC005_DeletePerson@5e4bd84a]" started-at="2022-05-19T11:42:41Z" name="checkContentType" finished-at="2022-05-19T11:42:41Z" duration-ms="3" status="PASS">
          <reporter-output>
          </reporter-output>
        </test-method> <!-- checkContentType -->
        <test-method signature="checkResponseBody()[pri:0, instance:com.personapi.testcases.TC005_DeletePerson@5e4bd84a]" started-at="2022-05-19T11:42:41Z" name="checkResponseBody" finished-at="2022-05-19T11:42:41Z" duration-ms="2" status="PASS">
          <reporter-output>
          </reporter-output>
        </test-method> <!-- checkResponseBody -->
        <test-method signature="checkResponseTime()[pri:0, instance:com.personapi.testcases.TC005_DeletePerson@5e4bd84a]" started-at="2022-05-19T11:42:41Z" name="checkResponseTime" finished-at="2022-05-19T11:42:41Z" duration-ms="2" status="PASS">
          <reporter-output>
          </reporter-output>
        </test-method> <!-- checkResponseTime -->
        <test-method signature="checkStatusCode()[pri:0, instance:com.personapi.testcases.TC005_DeletePerson@5e4bd84a]" started-at="2022-05-19T11:42:41Z" name="checkStatusCode" finished-at="2022-05-19T11:42:41Z" duration-ms="2" status="PASS">
          <reporter-output>
          </reporter-output>
        </test-method> <!-- checkStatusCode -->
        <test-method signature="checkStatusLine()[pri:0, instance:com.personapi.testcases.TC005_DeletePerson@5e4bd84a]" started-at="2022-05-19T11:42:41Z" name="checkStatusLine" finished-at="2022-05-19T11:42:41Z" duration-ms="2" status="PASS">
          <reporter-output>
          </reporter-output>
        </test-method> <!-- checkStatusLine -->
        <test-method is-config="true" signature="tearDown()[pri:0, instance:com.personapi.testcases.TC005_DeletePerson@5e4bd84a]" started-at="2022-05-19T11:42:41Z" name="tearDown" finished-at="2022-05-19T11:42:41Z" duration-ms="1" status="PASS">
          <reporter-output>
          </reporter-output>
        </test-method> <!-- tearDown -->
      </class> <!-- com.personapi.testcases.TC005_DeletePerson -->
      <class name="com.personapi.testcases.TC003_GetSinglePerson">
        <test-method is-config="true" signature="setup()[pri:0, instance:com.personapi.testcases.TC003_GetSinglePerson@344f4dea]" started-at="2022-05-19T11:42:40Z" name="setup" finished-at="2022-05-19T11:42:40Z" duration-ms="1" status="PASS">
          <reporter-output>
          </reporter-output>
        </test-method> <!-- setup -->
        <test-method is-config="true" signature="getPerson()[pri:0, instance:com.personapi.testcases.TC003_GetSinglePerson@344f4dea]" started-at="2022-05-19T11:42:40Z" name="getPerson" finished-at="2022-05-19T11:42:40Z" duration-ms="11" status="PASS">
          <reporter-output>
          </reporter-output>
        </test-method> <!-- getPerson -->
        <test-method signature="checkContentType()[pri:0, instance:com.personapi.testcases.TC003_GetSinglePerson@344f4dea]" started-at="2022-05-19T11:42:40Z" name="checkContentType" finished-at="2022-05-19T11:42:40Z" duration-ms="2" status="PASS">
          <reporter-output>
          </reporter-output>
        </test-method> <!-- checkContentType -->
        <test-method signature="checkResponseBody()[pri:0, instance:com.personapi.testcases.TC003_GetSinglePerson@344f4dea]" started-at="2022-05-19T11:42:40Z" name="checkResponseBody" finished-at="2022-05-19T11:42:40Z" duration-ms="2" status="PASS">
          <reporter-output>
          </reporter-output>
        </test-method> <!-- checkResponseBody -->
        <test-method signature="checkResponseTime()[pri:0, instance:com.personapi.testcases.TC003_GetSinglePerson@344f4dea]" started-at="2022-05-19T11:42:40Z" name="checkResponseTime" finished-at="2022-05-19T11:42:40Z" duration-ms="2" status="PASS">
          <reporter-output>
          </reporter-output>
        </test-method> <!-- checkResponseTime -->
        <test-method signature="checkStatusCode()[pri:0, instance:com.personapi.testcases.TC003_GetSinglePerson@344f4dea]" started-at="2022-05-19T11:42:40Z" name="checkStatusCode" finished-at="2022-05-19T11:42:40Z" duration-ms="2" status="PASS">
          <reporter-output>
          </reporter-output>
        </test-method> <!-- checkStatusCode -->
        <test-method signature="checkStatusLine()[pri:0, instance:com.personapi.testcases.TC003_GetSinglePerson@344f4dea]" started-at="2022-05-19T11:42:40Z" name="checkStatusLine" finished-at="2022-05-19T11:42:40Z" duration-ms="2" status="PASS">
          <reporter-output>
          </reporter-output>
        </test-method> <!-- checkStatusLine -->
        <test-method is-config="true" signature="tearDown()[pri:0, instance:com.personapi.testcases.TC003_GetSinglePerson@344f4dea]" started-at="2022-05-19T11:42:40Z" name="tearDown" finished-at="2022-05-19T11:42:40Z" duration-ms="1" status="PASS">
          <reporter-output>
          </reporter-output>
        </test-method> <!-- tearDown -->
      </class> <!-- com.personapi.testcases.TC003_GetSinglePerson -->
      <class name="com.personapi.testcases.TC002_GetAllPerson">
        <test-method is-config="true" signature="setup()[pri:0, instance:com.personapi.testcases.TC002_GetAllPerson@4b6e2263]" started-at="2022-05-19T11:42:40Z" name="setup" finished-at="2022-05-19T11:42:40Z" duration-ms="1" status="PASS">
          <reporter-output>
          </reporter-output>
        </test-method> <!-- setup -->
        <test-method is-config="true" signature="getAllPerson()[pri:0, instance:com.personapi.testcases.TC002_GetAllPerson@4b6e2263]" started-at="2022-05-19T11:42:40Z" name="getAllPerson" finished-at="2022-05-19T11:42:40Z" duration-ms="17" status="PASS">
          <reporter-output>
          </reporter-output>
        </test-method> <!-- getAllPerson -->
        <test-method signature="checkContentType()[pri:0, instance:com.personapi.testcases.TC002_GetAllPerson@4b6e2263]" started-at="2022-05-19T11:42:40Z" name="checkContentType" finished-at="2022-05-19T11:42:40Z" duration-ms="2" status="PASS">
          <reporter-output>
          </reporter-output>
        </test-method> <!-- checkContentType -->
        <test-method signature="checkResponseBody()[pri:0, instance:com.personapi.testcases.TC002_GetAllPerson@4b6e2263]" started-at="2022-05-19T11:42:40Z" name="checkResponseBody" finished-at="2022-05-19T11:42:40Z" duration-ms="3" status="PASS">
          <reporter-output>
          </reporter-output>
        </test-method> <!-- checkResponseBody -->
        <test-method signature="checkResponseTime()[pri:0, instance:com.personapi.testcases.TC002_GetAllPerson@4b6e2263]" started-at="2022-05-19T11:42:40Z" name="checkResponseTime" finished-at="2022-05-19T11:42:40Z" duration-ms="2" status="PASS">
          <reporter-output>
          </reporter-output>
        </test-method> <!-- checkResponseTime -->
        <test-method signature="checkStatusCode()[pri:0, instance:com.personapi.testcases.TC002_GetAllPerson@4b6e2263]" started-at="2022-05-19T11:42:40Z" name="checkStatusCode" finished-at="2022-05-19T11:42:40Z" duration-ms="3" status="PASS">
          <reporter-output>
          </reporter-output>
        </test-method> <!-- checkStatusCode -->
        <test-method signature="checkStatusLine()[pri:0, instance:com.personapi.testcases.TC002_GetAllPerson@4b6e2263]" started-at="2022-05-19T11:42:40Z" name="checkStatusLine" finished-at="2022-05-19T11:42:40Z" duration-ms="2" status="PASS">
          <reporter-output>
          </reporter-output>
        </test-method> <!-- checkStatusLine -->
        <test-method is-config="true" signature="tearDown()[pri:0, instance:com.personapi.testcases.TC002_GetAllPerson@4b6e2263]" started-at="2022-05-19T11:42:40Z" name="tearDown" finished-at="2022-05-19T11:42:40Z" duration-ms="1" status="PASS">
          <reporter-output>
          </reporter-output>
        </test-method> <!-- tearDown -->
      </class> <!-- com.personapi.testcases.TC002_GetAllPerson -->
      <class name="com.personapi.testcases.TC001_PostPerson">
        <test-method is-config="true" signature="setup()[pri:0, instance:com.personapi.testcases.TC001_PostPerson@6e4566f1]" started-at="2022-05-19T11:42:35Z" name="setup" finished-at="2022-05-19T11:42:35Z" duration-ms="33" status="PASS">
          <reporter-output>
          </reporter-output>
        </test-method> <!-- setup -->
        <test-method is-config="true" signature="postPerson()[pri:0, instance:com.personapi.testcases.TC001_PostPerson@6e4566f1]" started-at="2022-05-19T11:42:35Z" name="postPerson" finished-at="2022-05-19T11:42:35Z" duration-ms="558" status="PASS">
          <reporter-output>
          </reporter-output>
        </test-method> <!-- postPerson -->
        <test-method signature="checkContentType()[pri:0, instance:com.personapi.testcases.TC001_PostPerson@6e4566f1]" started-at="2022-05-19T11:42:35Z" name="checkContentType" finished-at="2022-05-19T11:42:40Z" duration-ms="5047" status="PASS">
          <reporter-output>
          </reporter-output>
        </test-method> <!-- checkContentType -->
        <test-method signature="checkResponseTime()[pri:0, instance:com.personapi.testcases.TC001_PostPerson@6e4566f1]" started-at="2022-05-19T11:42:40Z" name="checkResponseTime" finished-at="2022-05-19T11:42:40Z" duration-ms="2" status="PASS">
          <reporter-output>
          </reporter-output>
        </test-method> <!-- checkResponseTime -->
        <test-method signature="checkStatusCode()[pri:0, instance:com.personapi.testcases.TC001_PostPerson@6e4566f1]" started-at="2022-05-19T11:42:40Z" name="checkStatusCode" finished-at="2022-05-19T11:42:40Z" duration-ms="2" status="PASS">
          <reporter-output>
          </reporter-output>
        </test-method> <!-- checkStatusCode -->
        <test-method signature="checkStatusLine()[pri:0, instance:com.personapi.testcases.TC001_PostPerson@6e4566f1]" started-at="2022-05-19T11:42:40Z" name="checkStatusLine" finished-at="2022-05-19T11:42:40Z" duration-ms="2" status="PASS">
          <reporter-output>
          </reporter-output>
        </test-method> <!-- checkStatusLine -->
        <test-method is-config="true" signature="tearDown()[pri:0, instance:com.personapi.testcases.TC001_PostPerson@6e4566f1]" started-at="2022-05-19T11:42:40Z" name="tearDown" finished-at="2022-05-19T11:42:40Z" duration-ms="1" status="PASS">
          <reporter-output>
          </reporter-output>
        </test-method> <!-- tearDown -->
      </class> <!-- com.personapi.testcases.TC001_PostPerson -->
    </test> <!-- PersonRestApiTest -->
  </suite> <!-- PersonRestApiSuit -->
</testng-results>
