<?xml version="1.0" encoding="UTF-8"?>
<!-- Generated by org.testng.reporters.JUnitXMLReporter -->
<testsuite ignored="0" hostname="NIS-PK608s-MacBook-Pro.local" failures="1" tests="24" name="PersonRestApiTest" time="5.952" errors="0" timestamp="07 Jun 2022 13:02:31 GMT">
  <testcase classname="com.personapi.testcases.TC001_PostPerson" name="checkContentType" time="5.044"/>
  <testcase classname="com.personapi.testcases.TC001_PostPerson" name="checkResponseTime" time="0.002"/>
  <testcase classname="com.personapi.testcases.TC001_PostPerson" name="checkStatusCode" time="0.002">
    <failure type="java.lang.AssertionError" message="expected:&amp;lt;201&amp;gt; but was:&amp;lt;200&amp;gt;">
      <![CDATA[java.lang.AssertionError: expected:<201> but was:<200>
at com.personapi.testcases.TC001_PostPerson.checkStatusCode(TC001_PostPerson.java:57)
... Removed 28 stack frames]]>
    </failure>
  </testcase> <!-- checkStatusCode -->
  <testcase classname="com.personapi.testcases.TC001_PostPerson" name="checkStatusLine" time="0.002"/>
  <testcase classname="com.personapi.testcases.TC002_GetAllPerson" name="checkContentType" time="0.002"/>
  <testcase classname="com.personapi.testcases.TC002_GetAllPerson" name="checkResponseBody" time="0.003"/>
  <testcase classname="com.personapi.testcases.TC002_GetAllPerson" name="checkResponseTime" time="0.002"/>
  <testcase classname="com.personapi.testcases.TC002_GetAllPerson" name="checkStatusCode" time="0.002"/>
  <testcase classname="com.personapi.testcases.TC002_GetAllPerson" name="checkStatusLine" time="0.002"/>
  <testcase classname="com.personapi.testcases.TC003_GetSinglePerson" name="checkContentType" time="0.001"/>
  <testcase classname="com.personapi.testcases.TC003_GetSinglePerson" name="checkResponseBody" time="0.002"/>
  <testcase classname="com.personapi.testcases.TC003_GetSinglePerson" name="checkResponseTime" time="0.002"/>
  <testcase classname="com.personapi.testcases.TC003_GetSinglePerson" name="checkStatusCode" time="0.002"/>
  <testcase classname="com.personapi.testcases.TC003_GetSinglePerson" name="checkStatusLine" time="0.002"/>
  <testcase classname="com.personapi.testcases.TC004_PutPerson" name="checkContentType" time="0.002"/>
  <testcase classname="com.personapi.testcases.TC004_PutPerson" name="checkResponseTime" time="0.001"/>
  <testcase classname="com.personapi.testcases.TC004_PutPerson" name="checkStatusCode" time="0.002"/>
  <testcase classname="com.personapi.testcases.TC004_PutPerson" name="checkStatusLine" time="0.003"/>
  <testcase classname="com.personapi.testcases.TC004_PutPerson" name="verifyBody" time="0.002"/>
  <testcase classname="com.personapi.testcases.TC005_DeletePerson" name="checkContentType" time="0.002"/>
  <testcase classname="com.personapi.testcases.TC005_DeletePerson" name="checkResponseBody" time="0.002"/>
  <testcase classname="com.personapi.testcases.TC005_DeletePerson" name="checkResponseTime" time="0.002"/>
  <testcase classname="com.personapi.testcases.TC005_DeletePerson" name="checkStatusCode" time="0.002"/>
  <testcase classname="com.personapi.testcases.TC005_DeletePerson" name="checkStatusLine" time="0.002"/>
</testsuite> <!-- PersonRestApiTest -->
