<?xml version="1.0" encoding="UTF-8"?>
<!-- Generated by org.testng.reporters.JUnitXMLReporter -->
<testsuite ignored="0" hostname="NIS-PK608s-MacBook-Pro.local" failures="0" tests="24" name="PersonRestApiTest" time="5.847" errors="0" timestamp="19 May 2022 11:42:41 GMT">
  <testcase classname="com.personapi.testcases.TC001_PostPerson" name="checkContentType" time="5.047"/>
  <testcase classname="com.personapi.testcases.TC001_PostPerson" name="checkResponseTime" time="0.002"/>
  <testcase classname="com.personapi.testcases.TC001_PostPerson" name="checkStatusCode" time="0.002"/>
  <testcase classname="com.personapi.testcases.TC001_PostPerson" name="checkStatusLine" time="0.002"/>
  <testcase classname="com.personapi.testcases.TC002_GetAllPerson" name="checkContentType" time="0.002"/>
  <testcase classname="com.personapi.testcases.TC002_GetAllPerson" name="checkResponseBody" time="0.003"/>
  <testcase classname="com.personapi.testcases.TC002_GetAllPerson" name="checkResponseTime" time="0.002"/>
  <testcase classname="com.personapi.testcases.TC002_GetAllPerson" name="checkStatusCode" time="0.003"/>
  <testcase classname="com.personapi.testcases.TC002_GetAllPerson" name="checkStatusLine" time="0.002"/>
  <testcase classname="com.personapi.testcases.TC003_GetSinglePerson" name="checkContentType" time="0.002"/>
  <testcase classname="com.personapi.testcases.TC003_GetSinglePerson" name="checkResponseBody" time="0.002"/>
  <testcase classname="com.personapi.testcases.TC003_GetSinglePerson" name="checkResponseTime" time="0.002"/>
  <testcase classname="com.personapi.testcases.TC003_GetSinglePerson" name="checkStatusCode" time="0.002"/>
  <testcase classname="com.personapi.testcases.TC003_GetSinglePerson" name="checkStatusLine" time="0.002"/>
  <testcase classname="com.personapi.testcases.TC004_PutPerson" name="checkContentType" time="0.002"/>
  <testcase classname="com.personapi.testcases.TC004_PutPerson" name="checkResponseTime" time="0.002"/>
  <testcase classname="com.personapi.testcases.TC004_PutPerson" name="checkStatusCode" time="0.002"/>
  <testcase classname="com.personapi.testcases.TC004_PutPerson" name="checkStatusLine" time="0.002"/>
  <testcase classname="com.personapi.testcases.TC004_PutPerson" name="verifyBody" time="0.002"/>
  <testcase classname="com.personapi.testcases.TC005_DeletePerson" name="checkContentType" time="0.003"/>
  <testcase classname="com.personapi.testcases.TC005_DeletePerson" name="checkResponseBody" time="0.002"/>
  <testcase classname="com.personapi.testcases.TC005_DeletePerson" name="checkResponseTime" time="0.002"/>
  <testcase classname="com.personapi.testcases.TC005_DeletePerson" name="checkStatusCode" time="0.002"/>
  <testcase classname="com.personapi.testcases.TC005_DeletePerson" name="checkStatusLine" time="0.002"/>
</testsuite> <!-- PersonRestApiTest -->
