<?xml version="1.0" encoding="UTF-8"?>
<!-- Generated by org.testng.reporters.JUnitXMLReporter -->
<testsuite ignored="0" hostname="NIS-PK608s-MacBook-Pro.local" failures="0" tests="2" name="Default test" time="6.295" errors="0" timestamp="25 Jun 2022 13:40:18 GMT">
  <testcase classname="datadrivenTesting.DataDrivenTest_CreatePerson" name="creatEmployee" time="5.735"/>
  <testcase classname="datadrivenTesting.DataDrivenTest_CreatePerson" name="creatEmployee" time="0.013"/>
</testsuite> <!-- Default test -->
