<?xml version="1.0" encoding="UTF-8"?>
<!-- Generated by org.testng.reporters.JUnitXMLReporter -->
<testsuite ignored="0" hostname="NIS-PK608s-MacBook-Pro.local" failures="0" tests="5" name="Default test" time="1.165" errors="0" timestamp="2022-04-25T14:55:57 PKT">
  <testcase classname="com.personapi.testcases.TC005_DeletePerson" name="checkContentType" time="0.005"/>
  <testcase classname="com.personapi.testcases.TC005_DeletePerson" name="checkResponseBody" time="0.001"/>
  <testcase classname="com.personapi.testcases.TC005_DeletePerson" name="checkResponseTime" time="0.002"/>
  <testcase classname="com.personapi.testcases.TC005_DeletePerson" name="checkStatusCode" time="0.002"/>
  <testcase classname="com.personapi.testcases.TC005_DeletePerson" name="checkStatusLine" time="0.001"/>
</testsuite> <!-- Default test -->
